빌드 시작: 2017-05-24 오전 5:31:49
     1>2 노드의 "c:\Users\bjh93\documents\visual studio 2010\Projects\MultiChatUDP\MultiChatUDP.vcxproj" 프로젝트(build 대상)입니다.
     1>InitializeBuildStatus:
         "Debug\MultiChatUDP.unsuccessfulbuild"에 연결(touching)하고 있습니다.
       ClCompile:
         D:\Microsoft Visual Studio 10.0\VC\bin\CL.exe /c /ZI /nologo /W3 /WX- /Od /Oy- /D WIN32 /D _DEBUG /D _WINDOWS /D _MBCS /Gm /EHsc /RTC1 /MDd /GS /fp:precise /Zc:wchar_t /Zc:forScope /Fo"Debug\\" /Fd"Debug\vc100.pdb" /Gd /TP /analyze- /errorReport:prompt MultiChatUDP.cpp
         MultiChatUDP.cpp
     1>c:\users\bjh93\documents\visual studio 2010\projects\multichatudp\multichatudp.cpp(131): warning C4996: '_strtime': This function or variable may be unsafe. Consider using _strtime_s instead. To disable deprecation, use _CRT_SECURE_NO_WARNINGS. See online help for details.
                 d:\microsoft visual studio 10.0\vc\include\time.h(181) : '_strtime' 선언을 참조하십시오.
     1>c:\users\bjh93\documents\visual studio 2010\projects\multichatudp\multichatudp.cpp(135): warning C4996: 'strcpy': This function or variable may be unsafe. Consider using strcpy_s instead. To disable deprecation, use _CRT_SECURE_NO_WARNINGS. See online help for details.
                 d:\microsoft visual studio 10.0\vc\include\string.h(105) : 'strcpy' 선언을 참조하십시오.
     1>c:\users\bjh93\documents\visual studio 2010\projects\multichatudp\multichatudp.cpp(141): warning C4996: '_strtime': This function or variable may be unsafe. Consider using _strtime_s instead. To disable deprecation, use _CRT_SECURE_NO_WARNINGS. See online help for details.
                 d:\microsoft visual studio 10.0\vc\include\time.h(181) : '_strtime' 선언을 참조하십시오.
     1>c:\users\bjh93\documents\visual studio 2010\projects\multichatudp\multichatudp.cpp(143): warning C4996: 'strcpy': This function or variable may be unsafe. Consider using strcpy_s instead. To disable deprecation, use _CRT_SECURE_NO_WARNINGS. See online help for details.
                 d:\microsoft visual studio 10.0\vc\include\string.h(105) : 'strcpy' 선언을 참조하십시오.
     1>c:\users\bjh93\documents\visual studio 2010\projects\multichatudp\multichatudp.cpp(157): warning C4996: '_strtime': This function or variable may be unsafe. Consider using _strtime_s instead. To disable deprecation, use _CRT_SECURE_NO_WARNINGS. See online help for details.
                 d:\microsoft visual studio 10.0\vc\include\time.h(181) : '_strtime' 선언을 참조하십시오.
     1>c:\users\bjh93\documents\visual studio 2010\projects\multichatudp\multichatudp.cpp(159): warning C4996: 'strcpy': This function or variable may be unsafe. Consider using strcpy_s instead. To disable deprecation, use _CRT_SECURE_NO_WARNINGS. See online help for details.
                 d:\microsoft visual studio 10.0\vc\include\string.h(105) : 'strcpy' 선언을 참조하십시오.
     1>c:\users\bjh93\documents\visual studio 2010\projects\multichatudp\multichatudp.cpp(183): warning C4996: 'vsprintf': This function or variable may be unsafe. Consider using vsprintf_s instead. To disable deprecation, use _CRT_SECURE_NO_WARNINGS. See online help for details.
                 d:\microsoft visual studio 10.0\vc\include\stdio.h(371) : 'vsprintf' 선언을 참조하십시오.
     1>c:\users\bjh93\documents\visual studio 2010\projects\multichatudp\multichatudp.cpp(309): warning C4996: 'strcpy': This function or variable may be unsafe. Consider using strcpy_s instead. To disable deprecation, use _CRT_SECURE_NO_WARNINGS. See online help for details.
                 d:\microsoft visual studio 10.0\vc\include\string.h(105) : 'strcpy' 선언을 참조하십시오.
     1>c:\users\bjh93\documents\visual studio 2010\projects\multichatudp\multichatudp.cpp(366): warning C4996: '_strtime': This function or variable may be unsafe. Consider using _strtime_s instead. To disable deprecation, use _CRT_SECURE_NO_WARNINGS. See online help for details.
                 d:\microsoft visual studio 10.0\vc\include\time.h(181) : '_strtime' 선언을 참조하십시오.
     1>c:\users\bjh93\documents\visual studio 2010\projects\multichatudp\multichatudp.cpp(326): warning C4101: 'sendbuf' :참조되지 않은 지역 변수입니다.
     1>c:\users\bjh93\documents\visual studio 2010\projects\multichatudp\multichatudp.cpp(327): warning C4101: 'len' :참조되지 않은 지역 변수입니다.
     1>c:\users\bjh93\documents\visual studio 2010\projects\multichatudp\multichatudp.cpp(325): warning C4101: 'addrlen' :참조되지 않은 지역 변수입니다.
     1>c:\users\bjh93\documents\visual studio 2010\projects\multichatudp\multichatudp.cpp(328): warning C4101: 'hThread' :참조되지 않은 지역 변수입니다.
       ResourceCompile:
         모든 출력이 최신 상태입니다.
       ManifestResourceCompile:
         모든 출력이 최신 상태입니다.
       Link:
         D:\Microsoft Visual Studio 10.0\VC\bin\link.exe /ERRORREPORT:PROMPT /OUT:"c:\users\bjh93\documents\visual studio 2010\Projects\MultiChatUDP\Debug\MultiChatUDP.exe" /INCREMENTAL /NOLOGO kernel32.lib user32.lib gdi32.lib winspool.lib comdlg32.lib advapi32.lib shell32.lib ole32.lib oleaut32.lib uuid.lib odbc32.lib odbccp32.lib /MANIFEST /ManifestFile:"Debug\MultiChatUDP.exe.intermediate.manifest" /MANIFESTUAC:"level='asInvoker' uiAccess='false'" /DEBUG /PDB:"c:\users\bjh93\documents\visual studio 2010\Projects\MultiChatUDP\Debug\MultiChatUDP.pdb" /SUBSYSTEM:WINDOWS /TLBID:1 /DYNAMICBASE /NXCOMPAT /IMPLIB:"c:\users\bjh93\documents\visual studio 2010\Projects\MultiChatUDP\Debug\MultiChatUDP.lib" /MACHINE:X86 Debug\MultiChatUDP.res
         Debug\MultiChatUDP.exe.embed.manifest.res
         Debug\MultiChatUDP.obj
       Manifest:
         C:\Program Files (x86)\Microsoft SDKs\Windows\v7.0A\bin\mt.exe /nologo /verbose /out:"Debug\MultiChatUDP.exe.embed.manifest" /manifest Debug\MultiChatUDP.exe.intermediate.manifest
         모든 출력이 최신 상태입니다.
       LinkEmbedManifest:
         모든 출력이 최신 상태입니다.
         MultiChatUDP.vcxproj -> c:\users\bjh93\documents\visual studio 2010\Projects\MultiChatUDP\Debug\MultiChatUDP.exe
       FinalizeBuildStatus:
         "Debug\MultiChatUDP.unsuccessfulbuild" 파일을 삭제하고 있습니다.
         "Debug\MultiChatUDP.lastbuildstate"에 연결(touching)하고 있습니다.
     1>"c:\Users\bjh93\documents\visual studio 2010\Projects\MultiChatUDP\MultiChatUDP.vcxproj" 프로젝트를 빌드했습니다(build 대상).

빌드했습니다.

경과 시간: 00:00:02.74
